0 info it worked if it ends with ok
1 verbose cli [ 'node', '/usr/local/bin/npm', 'run', 'example' ]
2 info using npm@1.4.28
3 info using node@v0.10.39
4 verbose run-script [ 'preexample', 'example', 'postexample' ]
5 info preexample audio-buffer-range-decoder@0.0.0
6 info example audio-buffer-range-decoder@0.0.0
7 verbose unsafe-perm in lifecycle true
8 info audio-buffer-range-decoder@0.0.0 Failed to exec example script
9 error audio-buffer-range-decoder@0.0.0 example: `electron-spawn example.js`
9 error Exit status 8
10 error Failed at the audio-buffer-range-decoder@0.0.0 example script.
10 error This is most likely a problem with the audio-buffer-range-decoder package,
10 error not with npm itself.
10 error Tell the author that this fails on your system:
10 error     electron-spawn example.js
10 error You can get their info via:
10 error     npm owner ls audio-buffer-range-decoder
10 error There is likely additional logging output above.
11 error System Darwin 14.3.0
12 error command "node" "/usr/local/bin/npm" "run" "example"
13 error cwd /Users/matt/Code/loop/audio-buffer-range-decoder
14 error node -v v0.10.39
15 error npm -v 1.4.28
16 error code ELIFECYCLE
17 verbose exit [ 1, true ]
